TN:
SF:/var/www/html/Europeana-Patternlab/source/js/modules/eu/accordion_tabs/eu-accordion-tabs.js
FN:1,(anonymous_1)
FN:7,log
FN:11,setOptimalSize
FN:35,applyMode
FN:47,activate
FN:51,deactivate
FN:55,fixTabContentHeight
FN:68,loadTabs
FN:73,(anonymous_9)
FN:80,(anonymous_10)
FN:89,(anonymous_11)
FN:93,(anonymous_12)
FN:99,(anonymous_13)
FN:105,init
FN:125,(anonymous_15)
FN:133,(anonymous_16)
FN:137,(anonymous_17)
FN:157,(anonymous_18)
FN:168,loadStyle
FN:173,(anonymous_20)
FN:174,(anonymous_21)
FNF:21
FNH:1
FNDA:1,(anonymous_1)
FNDA:0,log
FNDA:0,setOptimalSize
FNDA:0,applyMode
FNDA:0,activate
FNDA:0,deactivate
FNDA:0,fixTabContentHeight
FNDA:0,loadTabs
FNDA:0,(anonymous_9)
FNDA:0,(anonymous_10)
FNDA:0,(anonymous_11)
FNDA:0,(anonymous_12)
FNDA:0,(anonymous_13)
FNDA:0,init
FNDA:0,(anonymous_15)
FNDA:0,(anonymous_16)
FNDA:0,(anonymous_17)
FNDA:0,(anonymous_18)
FNDA:0,loadStyle
FNDA:0,(anonymous_20)
FNDA:0,(anonymous_21)
DA:1,1
DA:3,1
DA:4,1
DA:5,1
DA:7,1
DA:8,0
DA:11,1
DA:13,0
DA:15,0
DA:16,0
DA:17,0
DA:18,0
DA:20,0
DA:22,0
DA:23,0
DA:24,0
DA:25,0
DA:26,0
DA:27,0
DA:30,0
DA:32,0
DA:35,1
DA:36,0
DA:38,0
DA:39,0
DA:42,0
DA:43,0
DA:47,1
DA:48,0
DA:51,1
DA:52,0
DA:55,1
DA:56,0
DA:57,0
DA:58,0
DA:59,0
DA:62,0
DA:63,0
DA:64,0
DA:65,0
DA:68,1
DA:70,0
DA:71,0
DA:73,0
DA:75,0
DA:76,0
DA:78,0
DA:80,0
DA:81,0
DA:82,0
DA:83,0
DA:85,0
DA:86,0
DA:90,0
DA:91,0
DA:94,0
DA:95,0
DA:99,0
DA:100,0
DA:105,1
DA:107,0
DA:108,0
DA:110,0
DA:111,0
DA:113,0
DA:114,0
DA:115,0
DA:116,0
DA:120,0
DA:123,0
DA:125,0
DA:126,0
DA:127,0
DA:128,0
DA:129,0
DA:133,0
DA:134,0
DA:137,0
DA:139,0
DA:140,0
DA:142,0
DA:143,0
DA:144,0
DA:145,0
DA:148,0
DA:149,0
DA:150,0
DA:151,0
DA:152,0
DA:153,0
DA:156,0
DA:157,0
DA:158,0
DA:159,0
DA:165,0
DA:168,1
DA:169,0
DA:172,1
DA:174,0
DA:175,0
LF:100
LH:14
BRDA:26,1,0,0
BRDA:26,1,1,0
BRDA:38,2,0,0
BRDA:38,2,1,0
BRDA:42,3,0,0
BRDA:42,3,1,0
BRDA:57,4,0,0
BRDA:57,4,1,0
BRDA:58,5,0,0
BRDA:58,5,1,0
BRDA:82,6,0,0
BRDA:82,6,1,0
BRDA:85,7,0,0
BRDA:85,7,1,0
BRDA:107,8,0,0
BRDA:107,8,1,0
BRDA:113,9,0,0
BRDA:113,9,1,0
BRDA:115,10,0,0
BRDA:115,10,1,0
BRDA:127,11,0,0
BRDA:127,11,1,0
BRDA:139,12,0,0
BRDA:139,12,1,0
BRDA:142,13,0,0
BRDA:142,13,1,0
BRDA:151,14,0,0
BRDA:151,14,1,0
BRDA:156,15,0,0
BRDA:156,15,1,0
BRDA:158,16,0,0
BRDA:158,16,1,0
BRF:32
BRH:0
end_of_record
TN:
SF:/var/www/html/Europeana-Patternlab/source/js/modules/eu/autocomplete/eu-autocomplete.js
FN:1,(anonymous_1)
FN:3,EuAutocomplete
FN:17,(anonymous_3)
FN:43,(anonymous_4)
FN:47,(anonymous_5)
FN:49,(anonymous_6)
FN:75,(anonymous_7)
FN:142,(anonymous_8)
FN:144,debounced
FN:146,delayed
FN:167,(anonymous_11)
FN:171,(anonymous_12)
FN:175,(anonymous_13)
FN:181,(anonymous_14)
FN:197,(anonymous_15)
FN:220,(anonymous_16)
FN:227,(anonymous_17)
FN:257,(anonymous_18)
FN:274,(anonymous_19)
FN:288,(anonymous_20)
FN:320,(anonymous_21)
FN:357,(anonymous_22)
FN:371,(anonymous_23)
FN:379,(anonymous_24)
FN:393,(anonymous_25)
FN:407,(anonymous_26)
FN:412,(anonymous_27)
FN:418,(anonymous_28)
FN:420,(anonymous_29)
FN:442,(anonymous_30)
FN:443,(anonymous_31)
FN:448,(anonymous_32)
FN:450,(anonymous_33)
FN:493,(anonymous_34)
FNF:34
FNH:11
FNDA:1,(anonymous_1)
FNDA:4,EuAutocomplete
FNDA:4,(anonymous_3)
FNDA:4,(anonymous_4)
FNDA:4,(anonymous_5)
FNDA:0,(anonymous_6)
FNDA:0,(anonymous_7)
FNDA:4,(anonymous_8)
FNDA:0,debounced
FNDA:0,delayed
FNDA:4,(anonymous_11)
FNDA:0,(anonymous_12)
FNDA:0,(anonymous_13)
FNDA:0,(anonymous_14)
FNDA:0,(anonymous_15)
FNDA:0,(anonymous_16)
FNDA:0,(anonymous_17)
FNDA:0,(anonymous_18)
FNDA:0,(anonymous_19)
FNDA:0,(anonymous_20)
FNDA:0,(anonymous_21)
FNDA:0,(anonymous_22)
FNDA:0,(anonymous_23)
FNDA:0,(anonymous_24)
FNDA:0,(anonymous_25)
FNDA:0,(anonymous_26)
FNDA:0,(anonymous_27)
FNDA:0,(anonymous_28)
FNDA:0,(anonymous_29)
FNDA:4,(anonymous_30)
FNDA:0,(anonymous_31)
FNDA:4,(anonymous_32)
FNDA:12,(anonymous_33)
FNDA:4,(anonymous_34)
DA:1,1
DA:3,1
DA:5,4
DA:7,4
DA:8,4
DA:9,4
DA:10,4
DA:11,4
DA:12,4
DA:13,4
DA:14,4
DA:15,4
DA:17,4
DA:18,4
DA:19,4
DA:20,4
DA:21,4
DA:22,4
DA:23,4
DA:24,4
DA:26,4
DA:27,4
DA:28,0
DA:31,4
DA:32,4
DA:33,4
DA:35,4
DA:36,0
DA:39,4
DA:40,4
DA:43,4
DA:44,4
DA:47,4
DA:49,4
DA:50,0
DA:51,0
DA:52,0
DA:53,0
DA:56,0
DA:57,0
DA:58,0
DA:60,0
DA:61,0
DA:65,0
DA:66,0
DA:69,0
DA:70,0
DA:75,4
DA:77,0
DA:78,0
DA:79,0
DA:82,0
DA:84,0
DA:85,0
DA:88,0
DA:90,0
DA:92,0
DA:94,0
DA:95,0
DA:97,0
DA:98,0
DA:100,0
DA:102,0
DA:103,0
DA:105,0
DA:107,0
DA:110,0
DA:113,0
DA:116,0
DA:117,0
DA:118,0
DA:119,0
DA:122,0
DA:124,0
DA:125,0
DA:127,0
DA:128,0
DA:133,0
DA:134,0
DA:136,0
DA:137,0
DA:142,4
DA:143,4
DA:144,4
DA:145,0
DA:146,1
DA:147,0
DA:148,0
DA:150,0
DA:153,0
DA:154,0
DA:156,0
DA:157,0
DA:159,0
DA:163,4
DA:164,4
DA:167,4
DA:168,4
DA:171,4
DA:175,4
DA:176,0
DA:177,0
DA:178,0
DA:181,4
DA:183,0
DA:184,0
DA:187,0
DA:188,0
DA:190,0
DA:191,0
DA:192,0
DA:199,0
DA:200,0
DA:201,0
DA:202,0
DA:205,0
DA:206,0
DA:208,0
DA:209,0
DA:210,0
DA:214,0
DA:215,0
DA:220,4
DA:221,0
DA:222,0
DA:223,0
DA:227,4
DA:228,0
DA:230,0
DA:231,0
DA:232,0
DA:233,0
DA:235,0
DA:238,0
DA:241,0
DA:242,0
DA:243,0
DA:244,0
DA:245,0
DA:248,0
DA:251,0
DA:252,0
DA:257,4
DA:259,0
DA:261,0
DA:263,0
DA:265,0
DA:266,0
DA:268,0
DA:269,0
DA:274,4
DA:275,0
DA:276,0
DA:277,0
DA:279,0
DA:280,0
DA:283,0
DA:284,0
DA:288,4
DA:289,0
DA:290,0
DA:292,0
DA:293,0
DA:294,0
DA:295,0
DA:296,0
DA:300,0
DA:302,0
DA:303,0
DA:304,0
DA:305,0
DA:306,0
DA:307,0
DA:310,0
DA:311,0
DA:312,0
DA:313,0
DA:320,4
DA:321,0
DA:322,0
DA:323,0
DA:325,0
DA:326,0
DA:327,0
DA:328,0
DA:329,0
DA:332,0
DA:333,0
DA:334,0
DA:335,0
DA:336,0
DA:339,0
DA:340,0
DA:341,0
DA:342,0
DA:343,0
DA:346,0
DA:347,0
DA:348,0
DA:349,0
DA:351,0
DA:357,4
DA:359,0
DA:361,0
DA:362,0
DA:364,0
DA:365,0
DA:367,0
DA:368,0
DA:371,0
DA:372,0
DA:373,0
DA:375,0
DA:379,4
DA:381,0
DA:383,0
DA:384,0
DA:385,0
DA:388,0
DA:389,0
DA:390,0
DA:391,0
DA:393,0
DA:394,0
DA:395,0
DA:396,0
DA:397,0
DA:402,0
DA:403,0
DA:404,0
DA:407,0
DA:408,0
DA:409,0
DA:410,0
DA:413,0
DA:414,0
DA:418,4
DA:420,0
DA:422,0
DA:424,0
DA:426,0
DA:427,0
DA:428,0
DA:431,0
DA:432,0
DA:433,0
DA:434,0
DA:435,0
DA:437,0
DA:442,4
DA:443,4
DA:444,0
DA:448,4
DA:450,4
DA:452,12
DA:453,12
DA:455,12
DA:456,12
DA:458,0
DA:459,0
DA:461,12
DA:462,0
DA:465,12
DA:466,12
DA:468,12
DA:469,0
DA:470,0
DA:471,0
DA:472,0
DA:475,0
DA:477,12
DA:479,0
DA:480,0
DA:481,0
DA:484,0
DA:485,0
DA:486,0
DA:492,1
DA:494,4
LF:279
LH:68
BRDA:20,1,0,0
BRDA:20,1,1,4
BRDA:21,2,0,0
BRDA:21,2,1,4
BRDA:27,3,0,0
BRDA:27,3,1,4
BRDA:35,4,0,0
BRDA:35,4,1,4
BRDA:50,5,0,0
BRDA:50,5,1,0
BRDA:51,6,0,0
BRDA:51,6,1,0
BRDA:51,7,0,0
BRDA:51,7,1,0
BRDA:56,8,0,0
BRDA:56,8,1,0
BRDA:60,9,0,0
BRDA:60,9,1,0
BRDA:65,10,0,0
BRDA:65,10,1,0
BRDA:66,11,0,0
BRDA:66,11,1,0
BRDA:77,12,0,0
BRDA:77,12,1,0
BRDA:82,13,0,0
BRDA:82,13,1,0
BRDA:84,14,0,0
BRDA:84,14,1,0
BRDA:88,15,0,0
BRDA:88,15,1,0
BRDA:90,16,0,0
BRDA:90,16,1,0
BRDA:92,17,0,0
BRDA:92,17,1,0
BRDA:94,18,0,0
BRDA:94,18,1,0
BRDA:97,19,0,0
BRDA:97,19,1,0
BRDA:100,20,0,0
BRDA:100,20,1,0
BRDA:107,21,0,0
BRDA:107,21,1,0
BRDA:110,22,0,0
BRDA:110,22,1,0
BRDA:110,23,0,0
BRDA:110,23,1,0
BRDA:113,24,0,0
BRDA:113,24,1,0
BRDA:116,25,0,0
BRDA:116,25,1,0
BRDA:122,26,0,0
BRDA:122,26,1,0
BRDA:125,27,0,0
BRDA:125,27,1,0
BRDA:127,28,0,0
BRDA:127,28,1,0
BRDA:136,29,0,0
BRDA:136,29,1,0
BRDA:147,30,0,0
BRDA:147,30,1,0
BRDA:153,31,0,0
BRDA:153,31,1,0
BRDA:156,32,0,0
BRDA:156,32,1,0
BRDA:159,33,0,0
BRDA:159,33,1,0
BRDA:178,34,0,0
BRDA:178,34,1,0
BRDA:178,34,2,0
BRDA:178,35,0,0
BRDA:178,35,1,0
BRDA:183,36,0,0
BRDA:183,36,1,0
BRDA:187,37,0,0
BRDA:187,37,1,0
BRDA:190,38,0,0
BRDA:190,38,1,0
BRDA:199,39,0,0
BRDA:199,39,1,0
BRDA:200,40,0,0
BRDA:200,40,1,0
BRDA:205,41,0,0
BRDA:205,41,1,0
BRDA:206,42,0,0
BRDA:206,42,1,0
BRDA:208,43,0,0
BRDA:208,43,1,0
BRDA:209,44,0,0
BRDA:209,44,1,0
BRDA:214,45,0,0
BRDA:214,45,1,0
BRDA:222,46,0,0
BRDA:222,46,1,0
BRDA:228,47,0,0
BRDA:228,47,1,0
BRDA:230,48,0,0
BRDA:230,48,1,0
BRDA:232,49,0,0
BRDA:232,49,1,0
BRDA:242,50,0,0
BRDA:242,50,1,0
BRDA:243,51,0,0
BRDA:243,51,1,0
BRDA:251,52,0,0
BRDA:251,52,1,0
BRDA:261,53,0,0
BRDA:261,53,1,0
BRDA:265,54,0,0
BRDA:265,54,1,0
BRDA:265,55,0,0
BRDA:265,55,1,0
BRDA:268,56,0,0
BRDA:268,56,1,0
BRDA:279,57,0,0
BRDA:279,57,1,0
BRDA:279,58,0,0
BRDA:279,58,1,0
BRDA:283,59,0,0
BRDA:283,59,1,0
BRDA:289,60,0,0
BRDA:289,60,1,0
BRDA:292,61,0,0
BRDA:292,61,1,0
BRDA:302,62,0,0
BRDA:302,62,1,0
BRDA:304,63,0,0
BRDA:304,63,1,0
BRDA:311,64,0,0
BRDA:311,64,1,0
BRDA:312,65,0,0
BRDA:312,65,1,0
BRDA:321,66,0,0
BRDA:321,66,1,0
BRDA:325,67,0,0
BRDA:325,67,1,0
BRDA:333,68,0,0
BRDA:333,68,1,0
BRDA:340,69,0,0
BRDA:340,69,1,0
BRDA:347,70,0,0
BRDA:347,70,1,0
BRDA:348,71,0,0
BRDA:348,71,1,0
BRDA:361,72,0,0
BRDA:361,72,1,0
BRDA:364,73,0,0
BRDA:364,73,1,0
BRDA:367,74,0,0
BRDA:367,74,1,0
BRDA:372,75,0,0
BRDA:372,75,1,0
BRDA:383,76,0,0
BRDA:383,76,1,0
BRDA:383,77,0,0
BRDA:383,77,1,0
BRDA:388,78,0,0
BRDA:388,78,1,0
BRDA:389,79,0,0
BRDA:389,79,1,0
BRDA:390,80,0,0
BRDA:390,80,1,0
BRDA:395,81,0,0
BRDA:395,81,1,0
BRDA:396,82,0,0
BRDA:396,82,1,0
BRDA:402,83,0,0
BRDA:402,83,1,0
BRDA:426,84,0,0
BRDA:426,84,1,0
BRDA:426,85,0,0
BRDA:426,85,1,0
BRDA:432,86,0,0
BRDA:432,86,1,0
BRDA:434,87,0,0
BRDA:434,87,1,0
BRDA:444,88,0,0
BRDA:444,88,1,0
BRDA:453,89,0,12
BRDA:453,89,1,0
BRDA:455,90,0,12
BRDA:455,90,1,0
BRDA:458,91,0,0
BRDA:458,91,1,0
BRDA:461,92,0,0
BRDA:461,92,1,12
BRDA:468,93,0,0
BRDA:468,93,1,12
BRDA:469,94,0,0
BRDA:469,94,1,0
BRDA:471,95,0,0
BRDA:471,95,1,0
BRDA:477,96,0,0
BRDA:477,96,1,12
BRDA:477,97,0,12
BRDA:477,97,1,0
BRDA:477,97,2,0
BRDA:479,98,0,0
BRDA:479,98,1,0
BRDA:485,99,0,0
BRDA:485,99,1,0
BRF:200
BRH:10
end_of_record
TN:
SF:/var/www/html/Europeana-Patternlab/source/js/modules/eu/util/eu-form-utils.js
FN:1,(anonymous_1)
FN:5,evalAllRequires
FN:7,(anonymous_3)
FN:12,initRequires
FN:14,(anonymous_5)
FN:18,(anonymous_6)
FN:22,(anonymous_7)
FN:34,evalRequires
FN:36,(anonymous_9)
FN:60,(anonymous_10)
FN:81,evalMakesOptional
FN:89,evalMakesRequired
FN:97,(anonymous_13)
FN:103,initMakesOptional
FN:105,(anonymous_15)
FN:113,(anonymous_16)
FN:117,(anonymous_17)
FN:121,(anonymous_18)
FN:126,initMakesRequired
FN:128,(anonymous_20)
FN:137,(anonymous_21)
FN:146,(anonymous_22)
FN:157,getFieldValTruthy
FN:174,makeFieldOptional
FN:186,bindCopyFields
FN:188,(anonymous_26)
FN:192,(anonymous_27)
FN:202,evalCopyFields
FN:214,initCopyFields
FN:218,(anonymous_30)
FN:225,(anonymous_31)
FNF:31
FNH:24
FNDA:1,(anonymous_1)
FNDA:2,evalAllRequires
FNDA:16,(anonymous_3)
FNDA:1,initRequires
FNDA:1,(anonymous_5)
FNDA:1,(anonymous_6)
FNDA:1,(anonymous_7)
FNDA:18,evalRequires
FNDA:3,(anonymous_9)
FNDA:3,(anonymous_10)
FNDA:14,evalMakesOptional
FNDA:2,evalMakesRequired
FNDA:2,(anonymous_13)
FNDA:5,initMakesOptional
FNDA:15,(anonymous_15)
FNDA:8,(anonymous_16)
FNDA:2,(anonymous_17)
FNDA:4,(anonymous_18)
FNDA:2,initMakesRequired
FNDA:2,(anonymous_20)
FNDA:6,(anonymous_21)
FNDA:4,(anonymous_22)
FNDA:53,getFieldValTruthy
FNDA:16,makeFieldOptional
FNDA:0,bindCopyFields
FNDA:0,(anonymous_26)
FNDA:0,(anonymous_27)
FNDA:0,evalCopyFields
FNDA:0,initCopyFields
FNDA:0,(anonymous_30)
FNDA:0,(anonymous_31)
DA:1,1
DA:3,1
DA:5,1
DA:7,2
DA:8,16
DA:12,1
DA:14,1
DA:15,1
DA:18,1
DA:20,1
DA:22,1
DA:24,1
DA:26,1
DA:27,1
DA:34,1
DA:36,18
DA:38,3
DA:40,3
DA:41,3
DA:43,3
DA:44,3
DA:45,3
DA:47,0
DA:48,0
DA:50,0
DA:53,0
DA:56,18
DA:58,18
DA:60,4
DA:62,3
DA:63,3
DA:65,3
DA:66,1
DA:67,1
DA:70,2
DA:71,2
DA:76,14
DA:77,14
DA:81,1
DA:83,14
DA:84,14
DA:85,14
DA:89,1
DA:91,2
DA:93,2
DA:94,2
DA:95,2
DA:97,2
DA:98,2
DA:103,1
DA:105,5
DA:106,15
DA:108,15
DA:109,0
DA:113,5
DA:114,8
DA:117,5
DA:118,2
DA:121,5
DA:122,4
DA:126,1
DA:128,2
DA:130,2
DA:132,2
DA:133,0
DA:137,2
DA:139,6
DA:141,6
DA:142,0
DA:146,2
DA:148,4
DA:150,4
DA:151,2
DA:157,1
DA:159,53
DA:161,53
DA:162,19
DA:164,34
DA:166,12
DA:167,12
DA:170,22
DA:174,1
DA:175,16
DA:176,14
DA:179,2
DA:181,16
DA:182,1
DA:186,1
DA:188,0
DA:189,0
DA:192,0
DA:193,0
DA:194,0
DA:195,0
DA:196,0
DA:197,0
DA:198,0
DA:202,1
DA:204,0
DA:206,0
DA:207,0
DA:210,0
DA:214,1
DA:216,0
DA:218,0
DA:220,0
DA:221,0
DA:222,0
DA:225,0
DA:226,0
DA:229,0
DA:230,0
DA:231,0
DA:235,1
LF:114
LH:84
BRDA:26,1,0,1
BRDA:26,1,1,0
BRDA:40,2,0,3
BRDA:40,2,1,0
BRDA:43,3,0,3
BRDA:43,3,1,0
BRDA:44,4,0,3
BRDA:44,4,1,0
BRDA:45,5,0,1
BRDA:45,5,1,2
BRDA:47,6,0,0
BRDA:47,6,1,0
BRDA:50,7,0,0
BRDA:50,7,1,0
BRDA:58,8,0,4
BRDA:58,8,1,14
BRDA:65,9,0,1
BRDA:65,9,1,2
BRDA:84,10,0,14
BRDA:84,10,1,0
BRDA:93,11,0,2
BRDA:93,11,1,0
BRDA:108,12,0,0
BRDA:108,12,1,15
BRDA:132,13,0,0
BRDA:132,13,1,2
BRDA:141,14,0,0
BRDA:141,14,1,6
BRDA:150,15,0,2
BRDA:150,15,1,2
BRDA:159,16,0,53
BRDA:159,16,1,22
BRDA:161,17,0,19
BRDA:161,17,1,34
BRDA:164,18,0,12
BRDA:164,18,1,22
BRDA:167,19,0,8
BRDA:167,19,1,4
BRDA:170,20,0,22
BRDA:170,20,1,7
BRDA:175,21,0,14
BRDA:175,21,1,2
BRDA:181,22,0,1
BRDA:181,22,1,15
BRDA:206,23,0,0
BRDA:206,23,1,0
BRDA:222,24,0,0
BRDA:222,24,1,0
BRDA:229,25,0,0
BRDA:229,25,1,0
BRF:50
BRH:31
end_of_record
TN:
SF:/var/www/html/Europeana-Patternlab/source/js/modules/eu/util/resize.js
FN:1,(anonymous_1)
FN:3,(anonymous_2)
FN:4,(anonymous_3)
FN:8,debounced
FN:12,delayed
FN:31,(anonymous_6)
FNF:6
FNH:5
FNDA:1,(anonymous_1)
FNDA:1,(anonymous_2)
FNDA:4,(anonymous_3)
FNDA:24,debounced
FNDA:0,delayed
FNDA:4,(anonymous_6)
DA:1,1
DA:3,1
DA:4,1
DA:6,4
DA:8,4
DA:9,24
DA:10,24
DA:12,1
DA:13,0
DA:14,0
DA:16,0
DA:19,24
DA:20,20
DA:22,4
DA:23,0
DA:26,24
DA:31,1
DA:32,4
LF:18
LH:14
BRDA:13,1,0,0
BRDA:13,1,1,0
BRDA:19,2,0,20
BRDA:19,2,1,4
BRDA:22,3,0,0
BRDA:22,3,1,4
BRDA:26,4,0,24
BRDA:26,4,1,24
BRDA:32,5,0,4
BRDA:32,5,1,0
BRF:10
BRH:6
end_of_record
